<?xml version="1.0" encoding="UTF-8"?>
<testng-results skipped="0" failed="0" ignored="0" total="1" passed="1">
  <reporter-output>
  </reporter-output>
  <suite name="All test Suite" duration-ms="8446" started-at="2022-01-24T16:33:09 IST" finished-at="2022-01-24T16:33:17 IST">
    <groups>
    </groups>
    <test name="Test" duration-ms="8446" started-at="2022-01-24T16:33:09 IST" finished-at="2022-01-24T16:33:17 IST">
      <class name="Testcases.Daydropscreen">
        <test-method status="PASS" signature="launch()[pri:0, instance:Testcases.Daydropscreen@c46bcd4]" name="launch" is-config="true" duration-ms="2839" started-at="2022-01-24T16:33:09 IST" finished-at="2022-01-24T16:33:12 IST">
          <reporter-output>
          </reporter-output>
        </test-method> <!-- launch -->
        <test-method status="PASS" signature="sample()[pri:0, instance:Testcases.Daydropscreen@c46bcd4]" name="sample" duration-ms="5494" started-at="2022-01-24T16:33:12 IST" finished-at="2022-01-24T16:33:17 IST">
          <reporter-output>
          </reporter-output>
        </test-method> <!-- sample -->
      </class> <!-- Testcases.Daydropscreen -->
    </test> <!-- Test -->
  </suite> <!-- All test Suite -->
</testng-results>
