<?xml version="1.0" encoding="UTF-8"?>
<!-- Generated by org.testng.reporters.JUnitXMLReporter -->
<testsuite hostname="5CD138MBH9" ignored="0" name="Test" tests="4" failures="0" timestamp="2022-01-18T17:27:27 IST" time="42.53" errors="0">
  <testcase name="sample" time="0.167" classname="Testcases.Dropdown"/>
  <testcase name="test" time="0.102" classname="Testcases.Titlepagesourse"/>
  <testcase name="alllinks" time="5.417" classname="Testcases.Printingalllinks"/>
  <testcase name="Scrollingtest" time="1.25" classname="Testcases.Scrolling"/>
</testsuite> <!-- Test -->
